<?xml version="1.0" encoding="UTF-8"?>
<testsuite name="fizzbuzz.fizzbuzztests" tests="5" skipped="0" failures="0" errors="0" timestamp="2017-01-10T20:33:25" hostname="Sandy-Ubuntu" time="0.003">
  <properties/>
  <testcase name="TheFirstNumberInTheListIs1" classname="fizzbuzz.fizzbuzztests" time="0.001"/>
  <testcase name="TheNumber3ElicitsFizzResponse" classname="fizzbuzz.fizzbuzztests" time="0.0"/>
  <testcase name="TheNumber2Elicits2Response" classname="fizzbuzz.fizzbuzztests" time="0.0"/>
  <testcase name="TheNumber15ElicitsFizzBuzzResponse" classname="fizzbuzz.fizzbuzztests" time="0.0"/>
  <testcase name="TheNumber5ElicitsBuzzResponse" classname="fizzbuzz.fizzbuzztests" time="0.0"/>
  <system-out><![CDATA[]]></system-out>
  <system-err><![CDATA[]]></system-err>
</testsuite>
